{"total": {"lines":{"total":317,"covered":179,"skipped":0,"pct":56.46},"statements":{"total":317,"covered":179,"skipped":0,"pct":56.46},"functions":{"total":28,"covered":21,"skipped":0,"pct":75},"branches":{"total":70,"covered":64,"skipped":0,"pct":91.42},"branchesTrue":{"total":0,"covered":0,"skipped":0,"pct":100}}
,"C:\\Users\\kouak\\OneDrive\\Informatique\\katas\\RPS\\commitlint.config.js": {"lines":{"total":2,"covered":0,"skipped":0,"pct":0},"functions":{"total":1,"covered":0,"skipped":0,"pct":0},"statements":{"total":2,"covered":0,"skipped":0,"pct":0},"branches":{"total":1,"covered":0,"skipped":0,"pct":0}}
,"C:\\Users\\kouak\\OneDrive\\Informatique\\katas\\RPS\\eslint.config.js": {"lines":{"total":26,"covered":0,"skipped":0,"pct":0},"functions":{"total":1,"covered":0,"skipped":0,"pct":0},"statements":{"total":26,"covered":0,"skipped":0,"pct":0},"branches":{"total":1,"covered":0,"skipped":0,"pct":0}}
,"C:\\Users\\kouak\\OneDrive\\Informatique\\katas\\RPS\\vite.config.ts": {"lines":{"total":33,"covered":0,"skipped":0,"pct":0},"functions":{"total":1,"covered":1,"skipped":0,"pct":100},"statements":{"total":33,"covered":0,"skipped":0,"pct":0},"branches":{"total":1,"covered":1,"skipped":0,"pct":100}}
,"C:\\Users\\kouak\\OneDrive\\Informatique\\katas\\RPS\\src\\GameRenderer.ts": {"lines":{"total":119,"covered":101,"skipped":0,"pct":84.87},"functions":{"total":14,"covered":11,"skipped":0,"pct":78.57},"statements":{"total":119,"covered":101,"skipped":0,"pct":84.87},"branches":{"total":31,"covered":28,"skipped":0,"pct":90.32}}
,"C:\\Users\\kouak\\OneDrive\\Informatique\\katas\\RPS\\src\\game.ts": {"lines":{"total":43,"covered":43,"skipped":0,"pct":100},"functions":{"total":3,"covered":3,"skipped":0,"pct":100},"statements":{"total":43,"covered":43,"skipped":0,"pct":100},"branches":{"total":15,"covered":14,"skipped":0,"pct":93.33}}
,"C:\\Users\\kouak\\OneDrive\\Informatique\\katas\\RPS\\src\\index.ts": {"lines":{"total":43,"covered":0,"skipped":0,"pct":0},"functions":{"total":1,"covered":1,"skipped":0,"pct":100},"statements":{"total":43,"covered":0,"skipped":0,"pct":0},"branches":{"total":1,"covered":1,"skipped":0,"pct":100}}
,"C:\\Users\\kouak\\OneDrive\\Informatique\\katas\\RPS\\src\\vite-env.d.ts": {"lines":{"total":0,"covered":0,"skipped":0,"pct":0},"functions":{"total":1,"covered":1,"skipped":0,"pct":0},"statements":{"total":0,"covered":0,"skipped":0,"pct":0},"branches":{"total":1,"covered":1,"skipped":0,"pct":0}}
,"C:\\Users\\kouak\\OneDrive\\Informatique\\katas\\RPS\\types\\index.ts": {"lines":{"total":1,"covered":1,"skipped":0,"pct":100},"functions":{"total":0,"covered":0,"skipped":0,"pct":100},"statements":{"total":1,"covered":1,"skipped":0,"pct":100},"branches":{"total":0,"covered":0,"skipped":0,"pct":100}}
,"C:\\Users\\kouak\\OneDrive\\Informatique\\katas\\RPS\\utils\\index.ts": {"lines":{"total":50,"covered":34,"skipped":0,"pct":68},"functions":{"total":6,"covered":4,"skipped":0,"pct":66.66},"statements":{"total":50,"covered":34,"skipped":0,"pct":68},"branches":{"total":19,"covered":19,"skipped":0,"pct":100}}
}
