{"total": {"lines":{"total":353,"covered":194,"skipped":0,"pct":54.95},"statements":{"total":353,"covered":194,"skipped":0,"pct":54.95},"functions":{"total":31,"covered":22,"skipped":0,"pct":70.96},"branches":{"total":70,"covered":64,"skipped":0,"pct":91.42},"branchesTrue":{"total":0,"covered":0,"skipped":0,"pct":100}}
,"C:\\Users\\kouak\\OneDrive\\Informatique\\katas\\RPS\\commitlint.config.js": {"lines":{"total":2,"covered":0,"skipped":0,"pct":0},"functions":{"total":1,"covered":0,"skipped":0,"pct":0},"statements":{"total":2,"covered":0,"skipped":0,"pct":0},"branches":{"total":1,"covered":0,"skipped":0,"pct":0}}
,"C:\\Users\\kouak\\OneDrive\\Informatique\\katas\\RPS\\eslint.config.js": {"lines":{"total":26,"covered":0,"skipped":0,"pct":0},"functions":{"total":1,"covered":0,"skipped":0,"pct":0},"statements":{"total":26,"covered":0,"skipped":0,"pct":0},"branches":{"total":1,"covered":0,"skipped":0,"pct":0}}
,"C:\\Users\\kouak\\OneDrive\\Informatique\\katas\\RPS\\vite.config.ts": {"lines":{"total":33,"covered":0,"skipped":0,"pct":0},"functions":{"total":1,"covered":1,"skipped":0,"pct":100},"statements":{"total":33,"covered":0,"skipped":0,"pct":0},"branches":{"total":1,"covered":1,"skipped":0,"pct":100}}
,"C:\\Users\\kouak\\OneDrive\\Informatique\\katas\\RPS\\src\\GameRenderer.ts": {"lines":{"total":130,"covered":109,"skipped":0,"pct":83.84},"functions":{"total":14,"covered":11,"skipped":0,"pct":78.57},"statements":{"total":130,"covered":109,"skipped":0,"pct":83.84},"branches":{"total":31,"covered":28,"skipped":0,"pct":90.32}}
,"C:\\Users\\kouak\\OneDrive\\Informatique\\katas\\RPS\\src\\game.ts": {"lines":{"total":43,"covered":43,"skipped":0,"pct":100},"functions":{"total":3,"covered":3,"skipped":0,"pct":100},"statements":{"total":43,"covered":43,"skipped":0,"pct":100},"branches":{"total":15,"covered":14,"skipped":0,"pct":93.33}}
,"C:\\Users\\kouak\\OneDrive\\Informatique\\katas\\RPS\\src\\index.ts": {"lines":{"total":51,"covered":0,"skipped":0,"pct":0},"functions":{"total":1,"covered":1,"skipped":0,"pct":100},"statements":{"total":51,"covered":0,"skipped":0,"pct":0},"branches":{"total":1,"covered":1,"skipped":0,"pct":100}}
,"C:\\Users\\kouak\\OneDrive\\Informatique\\katas\\RPS\\src\\vite-env.d.ts": {"lines":{"total":0,"covered":0,"skipped":0,"pct":0},"functions":{"total":1,"covered":1,"skipped":0,"pct":0},"statements":{"total":0,"covered":0,"skipped":0,"pct":0},"branches":{"total":1,"covered":1,"skipped":0,"pct":0}}
,"C:\\Users\\kouak\\OneDrive\\Informatique\\katas\\RPS\\types\\index.ts": {"lines":{"total":1,"covered":1,"skipped":0,"pct":100},"functions":{"total":0,"covered":0,"skipped":0,"pct":100},"statements":{"total":1,"covered":1,"skipped":0,"pct":100},"branches":{"total":0,"covered":0,"skipped":0,"pct":100}}
,"C:\\Users\\kouak\\OneDrive\\Informatique\\katas\\RPS\\utils\\index.ts": {"lines":{"total":67,"covered":41,"skipped":0,"pct":61.19},"functions":{"total":9,"covered":5,"skipped":0,"pct":55.55},"statements":{"total":67,"covered":41,"skipped":0,"pct":61.19},"branches":{"total":19,"covered":19,"skipped":0,"pct":100}}
}
